{"/Users/gustavoferrarigranero/projetos/getninjas/api/server.js":{"path":"/Users/gustavoferrarigranero/projetos/getninjas/api/server.js","s":{"1":1,"2":1,"3":1,"4":1,"5":1,"6":1,"7":1,"8":1,"9":1,"10":6,"11":3,"12":1,"13":1,"14":3,"15":3,"16":0,"17":0,"18":0,"19":0,"20":3,"21":3,"22":3,"23":1,"24":1,"25":1,"26":1,"27":1,"28":1,"29":1,"30":1,"31":1,"32":1,"33":1,"34":1,"35":0,"36":0,"37":0,"38":1,"39":1},"b":{"1":[3,3],"2":[1,2],"3":[0,3],"4":[1,1,1,0]},"f":{"1":6,"2":3,"3":1,"4":1,"5":1},"fnMap":{"1":{"name":"(anonymous_1)","line":12,"loc":{"start":{"line":12,"column":21},"end":{"line":12,"column":41}}},"2":{"name":"(anonymous_2)","line":20,"loc":{"start":{"line":20,"column":26},"end":{"line":20,"column":52}}},"3":{"name":"(anonymous_3)","line":34,"loc":{"start":{"line":34,"column":30},"end":{"line":34,"column":51}}},"4":{"name":"(anonymous_4)","line":40,"loc":{"start":{"line":40,"column":28},"end":{"line":40,"column":49}}},"5":{"name":"(anonymous_5)","line":46,"loc":{"start":{"line":46,"column":29},"end":{"line":46,"column":50}}}},"statementMap":{"1":{"start":{"line":1,"column":0},"end":{"line":1,"column":26}},"2":{"start":{"line":2,"column":0},"end":{"line":2,"column":22}},"3":{"start":{"line":4,"column":0},"end":{"line":4,"column":15}},"4":{"start":{"line":5,"column":0},"end":{"line":5,"column":39}},"5":{"start":{"line":6,"column":0},"end":{"line":6,"column":29}},"6":{"start":{"line":7,"column":0},"end":{"line":7,"column":32}},"7":{"start":{"line":8,"column":0},"end":{"line":8,"column":34}},"8":{"start":{"line":10,"column":0},"end":{"line":10,"column":45}},"9":{"start":{"line":12,"column":0},"end":{"line":57,"column":2}},"10":{"start":{"line":13,"column":2},"end":{"line":56,"column":3}},"11":{"start":{"line":15,"column":4},"end":{"line":18,"column":5}},"12":{"start":{"line":16,"column":6},"end":{"line":16,"column":57}},"13":{"start":{"line":17,"column":6},"end":{"line":17,"column":35}},"14":{"start":{"line":20,"column":4},"end":{"line":30,"column":6}},"15":{"start":{"line":21,"column":6},"end":{"line":29,"column":7}},"16":{"start":{"line":22,"column":8},"end":{"line":22,"column":26}},"17":{"start":{"line":23,"column":8},"end":{"line":23,"column":69}},"18":{"start":{"line":24,"column":8},"end":{"line":24,"column":73}},"19":{"start":{"line":25,"column":8},"end":{"line":25,"column":17}},"20":{"start":{"line":27,"column":8},"end":{"line":27,"column":66}},"21":{"start":{"line":28,"column":8},"end":{"line":28,"column":33}},"22":{"start":{"line":32,"column":4},"end":{"line":55,"column":5}},"23":{"start":{"line":34,"column":8},"end":{"line":37,"column":10}},"24":{"start":{"line":35,"column":10},"end":{"line":35,"column":59}},"25":{"start":{"line":36,"column":10},"end":{"line":36,"column":23}},"26":{"start":{"line":38,"column":8},"end":{"line":38,"column":13}},"27":{"start":{"line":40,"column":8},"end":{"line":43,"column":10}},"28":{"start":{"line":41,"column":10},"end":{"line":41,"column":65}},"29":{"start":{"line":42,"column":10},"end":{"line":42,"column":23}},"30":{"start":{"line":44,"column":8},"end":{"line":44,"column":13}},"31":{"start":{"line":46,"column":8},"end":{"line":49,"column":10}},"32":{"start":{"line":47,"column":10},"end":{"line":47,"column":58}},"33":{"start":{"line":48,"column":10},"end":{"line":48,"column":23}},"34":{"start":{"line":50,"column":8},"end":{"line":50,"column":13}},"35":{"start":{"line":52,"column":8},"end":{"line":52,"column":57}},"36":{"start":{"line":53,"column":8},"end":{"line":53,"column":23}},"37":{"start":{"line":54,"column":8},"end":{"line":54,"column":13}},"38":{"start":{"line":58,"column":0},"end":{"line":58,"column":23}},"39":{"start":{"line":59,"column":0},"end":{"line":59,"column":37}}},"branchMap":{"1":{"line":13,"type":"if","locations":[{"start":{"line":13,"column":2},"end":{"line":13,"column":2}},{"start":{"line":13,"column":2},"end":{"line":13,"column":2}}]},"2":{"line":15,"type":"if","locations":[{"start":{"line":15,"column":4},"end":{"line":15,"column":4}},{"start":{"line":15,"column":4},"end":{"line":15,"column":4}}]},"3":{"line":21,"type":"if","locations":[{"start":{"line":21,"column":6},"end":{"line":21,"column":6}},{"start":{"line":21,"column":6},"end":{"line":21,"column":6}}]},"4":{"line":32,"type":"switch","locations":[{"start":{"line":33,"column":6},"end":{"line":38,"column":13}},{"start":{"line":39,"column":6},"end":{"line":44,"column":13}},{"start":{"line":45,"column":6},"end":{"line":50,"column":13}},{"start":{"line":51,"column":6},"end":{"line":54,"column":13}}]}}}}