TN:
SF:/Users/gustavoferrarigranero/projetos/getninjas/api/server.js
FN:12,(anonymous_1)
FN:20,(anonymous_2)
FN:34,(anonymous_3)
FN:40,(anonymous_4)
FN:46,(anonymous_5)
FNF:5
FNH:5
FNDA:6,(anonymous_1)
FNDA:3,(anonymous_2)
FNDA:1,(anonymous_3)
FNDA:1,(anonymous_4)
FNDA:1,(anonymous_5)
DA:1,1
DA:2,1
DA:4,1
DA:5,1
DA:6,1
DA:7,1
DA:8,1
DA:10,1
DA:12,1
DA:13,6
DA:15,3
DA:16,1
DA:17,1
DA:20,3
DA:21,3
DA:22,0
DA:23,0
DA:24,0
DA:25,0
DA:27,3
DA:28,3
DA:32,3
DA:34,1
DA:35,1
DA:36,1
DA:38,1
DA:40,1
DA:41,1
DA:42,1
DA:44,1
DA:46,1
DA:47,1
DA:48,1
DA:50,1
DA:52,0
DA:53,0
DA:54,0
DA:58,1
DA:59,1
LF:39
LH:32
BRDA:13,1,0,3
BRDA:13,1,1,3
BRDA:15,2,0,1
BRDA:15,2,1,2
BRDA:21,3,0,0
BRDA:21,3,1,3
BRDA:32,4,0,1
BRDA:32,4,1,1
BRDA:32,4,2,1
BRDA:32,4,3,0
BRF:10
BRH:8
end_of_record
